<?xml version="1.0" encoding="UTF-8"?>
<testng-results skipped="0" failed="0" ignored="0" total="3" passed="3">
  <reporter-output>
  </reporter-output>
  <suite name="Default suite" duration-ms="538" started-at="2021-07-25T14:45:12 IST" finished-at="2021-07-25T14:45:13 IST">
    <groups>
    </groups>
    <test name="Default test" duration-ms="538" started-at="2021-07-25T14:45:12 IST" finished-at="2021-07-25T14:45:13 IST">
      <class name="basic.Assertion">
        <test-method status="PASS" signature="method1()[pri:0, instance:basic.Assertion@6c49835d]" name="method1" duration-ms="120" started-at="2021-07-25T14:45:13 IST" finished-at="2021-07-25T14:45:13 IST">
          <reporter-output>
          </reporter-output>
        </test-method> <!-- method1 -->
        <test-method status="PASS" signature="method3()[pri:0, instance:basic.Assertion@6c49835d]" name="method3" duration-ms="17" started-at="2021-07-25T14:45:13 IST" finished-at="2021-07-25T14:45:13 IST">
          <reporter-output>
          </reporter-output>
        </test-method> <!-- method3 -->
        <test-method status="PASS" signature="method2()[pri:0, instance:basic.Assertion@6c49835d]" name="method2" duration-ms="13" started-at="2021-07-25T14:45:13 IST" depends-on-methods="basic.Assertion.method1" finished-at="2021-07-25T14:45:13 IST">
          <reporter-output>
          </reporter-output>
        </test-method> <!-- method2 -->
      </class> <!-- basic.Assertion -->
    </test> <!-- Default test -->
  </suite> <!-- Default suite -->
</testng-results>
